<?xml version="1.0" encoding="UTF-8"?>
<!-- Generated by org.testng.reporters.JUnitXMLReporter -->
<testsuite ignored="0" hostname="DESKTOP-83EVOGB" failures="0" tests="6" name="Default test" time="19.063" errors="0" timestamp="2024-02-13T13:23:54 IST">
  <testcase classname="com.petstore.tests.user.UserOperations" name="createUser" time="8.304"/>
  <testcase classname="com.petstore.tests.user.UserOperations" name="updateUserTest" time="1.289"/>
  <testcase classname="com.petstore.tests.user.UserOperations" name="getUsersWithList" time="1.223"/>
  <testcase classname="com.petstore.tests.user.UserOperations" name="getUpdateUser" time="3.497"/>
  <testcase classname="com.petstore.tests.user.UserOperations" name="getDeleteUser" time="2.289"/>
  <testcase classname="com.petstore.tests.user.UserOperations" name="getLogoutUser" time="2.338"/>
</testsuite> <!-- Default test -->
