<?xml version="1.0" encoding="UTF-8"?>
<!-- Generated by org.testng.reporters.JUnitXMLReporter -->
<testsuite ignored="0" hostname="DESKTOP-83EVOGB" failures="0" tests="4" name="integrationTests" time="11.773" errors="0" timestamp="2024-02-12T22:25:03 IST">
  <testcase classname="com.petstore.tests.store.PetStoreOrders" name="orderPet" time="8.006"/>
  <testcase classname="com.petstore.tests.store.PetStoreOrders" name="getInventoriesByStatus" time="1.263"/>
  <testcase classname="com.petstore.tests.store.PetStoreOrders" name="testFindPetsByStatus" time="1.175"/>
  <testcase classname="com.petstore.tests.store.PetStoreOrders" name="deletePet" time="1.236"/>
</testsuite> <!-- integrationTests -->
