<?xml version="1.0" encoding="UTF-8"?>
<!-- Generated by org.testng.reporters.JUnitXMLReporter -->
<testsuite ignored="0" hostname="DESKTOP-83EVOGB" failures="0" tests="20" name="PetStoreAPI" time="44.609" errors="0" timestamp="2024-02-13T13:46:31 IST">
  <testcase classname="com.petstore.tests.Pet.PetTest" name="addNewPetToStore" time="8.36"/>
  <testcase classname="com.petstore.tests.Pet.PetTest" name="findPetByInvalidId" time="1.283"/>
  <testcase classname="com.petstore.tests.Pet.PetTest" name="updateAnExistingPet" time="2.486"/>
  <testcase classname="com.petstore.tests.Pet.PetTest" name="testFindPetsByStatus" time="1.439"/>
  <testcase classname="com.petstore.tests.Pet.PetTest" name="updatePetWithForm" time="2.422"/>
  <testcase classname="com.petstore.tests.Pet.PetTest" name="testUploadPetImage" time="4.83"/>
  <testcase classname="com.petstore.tests.Pet.PetTest" name="deletePet" time="2.291"/>
  <testcase classname="com.petstore.tests.Pet.PetTest" name="deletePetWithInvalidId" time="1.173"/>
  <testcase classname="com.petstore.tests.store.PetStoreOrders" name="orderPet" time="1.171"/>
  <testcase classname="com.petstore.tests.store.PetStoreOrders" name="getInventoriesByStatus" time="1.152"/>
  <testcase classname="com.petstore.tests.store.PetStoreOrders" name="testFindPetsByStatus" time="1.203"/>
  <testcase classname="com.petstore.tests.store.PetStoreOrders" name="testFindPetsByStatusWithInvalidOrderId" time="1.132"/>
  <testcase classname="com.petstore.tests.store.PetStoreOrders" name="deletePet" time="1.229"/>
  <testcase classname="com.petstore.tests.store.PetStoreOrders" name="deletePetWithInvalidOrderId" time="1.123"/>
  <testcase classname="com.petstore.tests.user.UserOperations" name="createUser" time="2.437"/>
  <testcase classname="com.petstore.tests.user.UserOperations" name="updateUserTest" time="1.145"/>
  <testcase classname="com.petstore.tests.user.UserOperations" name="getUsersWithList" time="1.152"/>
  <testcase classname="com.petstore.tests.user.UserOperations" name="getUpdateUser" time="3.802"/>
  <testcase classname="com.petstore.tests.user.UserOperations" name="getDeleteUser" time="2.318"/>
  <testcase classname="com.petstore.tests.user.UserOperations" name="getLogoutUser" time="2.269"/>
</testsuite> <!-- PetStoreAPI -->
