<?xml version="1.0" encoding="UTF-8"?>
<testng-results ignored="0" total="1" passed="1" failed="0" skipped="0">
  <reporter-output>
  </reporter-output>
  <suite started-at="2024-02-08T13:43:42 IST" name="Surefire suite" finished-at="2024-02-08T13:43:51 IST" duration-ms="8387">
    <groups>
    </groups>
    <test started-at="2024-02-08T13:43:42 IST" name="Surefire test" finished-at="2024-02-08T13:43:51 IST" duration-ms="8387">
      <class name="com.petstore.tests.Pet.AddNewPetTest">
        <test-method is-config="true" signature="setup()[pri:0, instance:com.petstore.tests.Pet.AddNewPetTest@72cde7cc]" started-at="2024-02-08T13:43:42 IST" name="setup" finished-at="2024-02-08T13:43:42 IST" duration-ms="33" status="PASS">
          <reporter-output>
          </reporter-output>
        </test-method> <!-- setup -->
        <test-method signature="addNewPetToStore()[pri:0, instance:com.petstore.tests.Pet.AddNewPetTest@72cde7cc]" started-at="2024-02-08T13:43:42 IST" name="addNewPetToStore" finished-at="2024-02-08T13:43:51 IST" duration-ms="8258" status="PASS">
          <reporter-output>
          </reporter-output>
        </test-method> <!-- addNewPetToStore -->
      </class> <!-- com.petstore.tests.Pet.AddNewPetTest -->
    </test> <!-- Surefire test -->
  </suite> <!-- Surefire suite -->
</testng-results>
