<?xml version="1.0" encoding="UTF-8"?>
<testng-results ignored="0" total="20" passed="20" failed="0" skipped="0">
  <reporter-output>
  </reporter-output>
  <suite started-at="2024-02-13T13:45:46 IST" name="Pet" finished-at="2024-02-13T13:46:31 IST" duration-ms="44609">
    <groups>
    </groups>
    <test started-at="2024-02-13T13:45:46 IST" name="PetStoreAPI" finished-at="2024-02-13T13:46:31 IST" duration-ms="44609">
      <class name="com.petstore.tests.user.UserOperations">
        <test-method is-config="true" signature="setUp()[pri:0, instance:com.petstore.tests.user.UserOperations@5b38c1ec]" started-at="2024-02-13T13:46:18 IST" name="setUp" finished-at="2024-02-13T13:46:18 IST" duration-ms="1" status="PASS">
          <reporter-output>
          </reporter-output>
        </test-method> <!-- setUp -->
        <test-method signature="createUser()[pri:1, instance:com.petstore.tests.user.UserOperations@5b38c1ec]" started-at="2024-02-13T13:46:18 IST" name="createUser" finished-at="2024-02-13T13:46:20 IST" duration-ms="2437" status="PASS">
          <reporter-output>
          </reporter-output>
        </test-method> <!-- createUser -->
        <test-method is-config="true" signature="setUp()[pri:0, instance:com.petstore.tests.user.UserOperations@5b38c1ec]" started-at="2024-02-13T13:46:20 IST" name="setUp" finished-at="2024-02-13T13:46:20 IST" duration-ms="1" status="PASS">
          <reporter-output>
          </reporter-output>
        </test-method> <!-- setUp -->
        <test-method signature="updateUserTest()[pri:4, instance:com.petstore.tests.user.UserOperations@5b38c1ec]" started-at="2024-02-13T13:46:20 IST" name="updateUserTest" finished-at="2024-02-13T13:46:22 IST" duration-ms="1145" status="PASS">
          <reporter-output>
          </reporter-output>
        </test-method> <!-- updateUserTest -->
        <test-method is-config="true" signature="setUp()[pri:0, instance:com.petstore.tests.user.UserOperations@5b38c1ec]" started-at="2024-02-13T13:46:22 IST" name="setUp" finished-at="2024-02-13T13:46:22 IST" duration-ms="0" status="PASS">
          <reporter-output>
          </reporter-output>
        </test-method> <!-- setUp -->
        <test-method signature="getUsersWithList()[pri:5, instance:com.petstore.tests.user.UserOperations@5b38c1ec]" started-at="2024-02-13T13:46:22 IST" name="getUsersWithList" finished-at="2024-02-13T13:46:23 IST" duration-ms="1152" status="PASS">
          <reporter-output>
          </reporter-output>
        </test-method> <!-- getUsersWithList -->
        <test-method is-config="true" signature="setUp()[pri:0, instance:com.petstore.tests.user.UserOperations@5b38c1ec]" started-at="2024-02-13T13:46:23 IST" name="setUp" finished-at="2024-02-13T13:46:23 IST" duration-ms="0" status="PASS">
          <reporter-output>
          </reporter-output>
        </test-method> <!-- setUp -->
        <test-method signature="getUpdateUser()[pri:6, instance:com.petstore.tests.user.UserOperations@5b38c1ec]" started-at="2024-02-13T13:46:23 IST" name="getUpdateUser" finished-at="2024-02-13T13:46:27 IST" duration-ms="3802" status="PASS">
          <reporter-output>
          </reporter-output>
        </test-method> <!-- getUpdateUser -->
        <test-method signature="getDeleteUser()[pri:7, instance:com.petstore.tests.user.UserOperations@5b38c1ec]" started-at="2024-02-13T13:46:27 IST" name="getDeleteUser" finished-at="2024-02-13T13:46:29 IST" duration-ms="2318" status="PASS">
          <reporter-output>
          </reporter-output>
        </test-method> <!-- getDeleteUser -->
        <test-method is-config="true" signature="setUp()[pri:0, instance:com.petstore.tests.user.UserOperations@5b38c1ec]" started-at="2024-02-13T13:46:27 IST" name="setUp" finished-at="2024-02-13T13:46:27 IST" duration-ms="0" status="PASS">
          <reporter-output>
          </reporter-output>
        </test-method> <!-- setUp -->
        <test-method signature="getLogoutUser()[pri:8, instance:com.petstore.tests.user.UserOperations@5b38c1ec]" started-at="2024-02-13T13:46:29 IST" name="getLogoutUser" finished-at="2024-02-13T13:46:31 IST" duration-ms="2269" status="PASS">
          <reporter-output>
          </reporter-output>
        </test-method> <!-- getLogoutUser -->
        <test-method is-config="true" signature="setUp()[pri:0, instance:com.petstore.tests.user.UserOperations@5b38c1ec]" started-at="2024-02-13T13:46:29 IST" name="setUp" finished-at="2024-02-13T13:46:29 IST" duration-ms="0" status="PASS">
          <reporter-output>
          </reporter-output>
        </test-method> <!-- setUp -->
      </class> <!-- com.petstore.tests.user.UserOperations -->
      <class name="com.petstore.tests.store.PetStoreOrders">
        <test-method is-config="true" signature="setUp()[pri:0, instance:com.petstore.tests.store.PetStoreOrders@15a34df2]" started-at="2024-02-13T13:46:11 IST" name="setUp" finished-at="2024-02-13T13:46:11 IST" duration-ms="4" status="PASS">
          <reporter-output>
          </reporter-output>
        </test-method> <!-- setUp -->
        <test-method signature="orderPet()[pri:1, instance:com.petstore.tests.store.PetStoreOrders@15a34df2]" started-at="2024-02-13T13:46:11 IST" name="orderPet" finished-at="2024-02-13T13:46:12 IST" duration-ms="1171" status="PASS">
          <reporter-output>
          </reporter-output>
        </test-method> <!-- orderPet -->
        <test-method is-config="true" signature="setUp()[pri:0, instance:com.petstore.tests.store.PetStoreOrders@15a34df2]" started-at="2024-02-13T13:46:12 IST" name="setUp" finished-at="2024-02-13T13:46:12 IST" duration-ms="1" status="PASS">
          <reporter-output>
          </reporter-output>
        </test-method> <!-- setUp -->
        <test-method signature="getInventoriesByStatus()[pri:2, instance:com.petstore.tests.store.PetStoreOrders@15a34df2]" started-at="2024-02-13T13:46:12 IST" name="getInventoriesByStatus" finished-at="2024-02-13T13:46:13 IST" duration-ms="1152" status="PASS">
          <reporter-output>
          </reporter-output>
        </test-method> <!-- getInventoriesByStatus -->
        <test-method is-config="true" signature="setUp()[pri:0, instance:com.petstore.tests.store.PetStoreOrders@15a34df2]" started-at="2024-02-13T13:46:13 IST" name="setUp" finished-at="2024-02-13T13:46:13 IST" duration-ms="0" status="PASS">
          <reporter-output>
          </reporter-output>
        </test-method> <!-- setUp -->
        <test-method signature="testFindPetsByStatus()[pri:3, instance:com.petstore.tests.store.PetStoreOrders@15a34df2]" started-at="2024-02-13T13:46:13 IST" name="testFindPetsByStatus" finished-at="2024-02-13T13:46:14 IST" duration-ms="1203" status="PASS">
          <reporter-output>
          </reporter-output>
        </test-method> <!-- testFindPetsByStatus -->
        <test-method signature="testFindPetsByStatusWithInvalidOrderId()[pri:4, instance:com.petstore.tests.store.PetStoreOrders@15a34df2]" started-at="2024-02-13T13:46:14 IST" name="testFindPetsByStatusWithInvalidOrderId" finished-at="2024-02-13T13:46:16 IST" duration-ms="1132" status="PASS">
          <reporter-output>
          </reporter-output>
        </test-method> <!-- testFindPetsByStatusWithInvalidOrderId -->
        <test-method is-config="true" signature="setUp()[pri:0, instance:com.petstore.tests.store.PetStoreOrders@15a34df2]" started-at="2024-02-13T13:46:14 IST" name="setUp" finished-at="2024-02-13T13:46:14 IST" duration-ms="0" status="PASS">
          <reporter-output>
          </reporter-output>
        </test-method> <!-- setUp -->
        <test-method is-config="true" signature="setUp()[pri:0, instance:com.petstore.tests.store.PetStoreOrders@15a34df2]" started-at="2024-02-13T13:46:16 IST" name="setUp" finished-at="2024-02-13T13:46:16 IST" duration-ms="0" status="PASS">
          <reporter-output>
          </reporter-output>
        </test-method> <!-- setUp -->
        <test-method signature="deletePet()[pri:5, instance:com.petstore.tests.store.PetStoreOrders@15a34df2]" started-at="2024-02-13T13:46:16 IST" name="deletePet" finished-at="2024-02-13T13:46:17 IST" duration-ms="1229" status="PASS">
          <reporter-output>
          </reporter-output>
        </test-method> <!-- deletePet -->
        <test-method is-config="true" signature="setUp()[pri:0, instance:com.petstore.tests.store.PetStoreOrders@15a34df2]" started-at="2024-02-13T13:46:17 IST" name="setUp" finished-at="2024-02-13T13:46:17 IST" duration-ms="1" status="PASS">
          <reporter-output>
          </reporter-output>
        </test-method> <!-- setUp -->
        <test-method signature="deletePetWithInvalidOrderId()[pri:6, instance:com.petstore.tests.store.PetStoreOrders@15a34df2]" started-at="2024-02-13T13:46:17 IST" name="deletePetWithInvalidOrderId" finished-at="2024-02-13T13:46:18 IST" duration-ms="1123" status="PASS">
          <reporter-output>
          </reporter-output>
        </test-method> <!-- deletePetWithInvalidOrderId -->
      </class> <!-- com.petstore.tests.store.PetStoreOrders -->
      <class name="com.petstore.tests.Pet.PetTest">
        <test-method is-config="true" signature="setUp()[pri:0, instance:com.petstore.tests.Pet.PetTest@76494737]" started-at="2024-02-13T13:45:47 IST" name="setUp" finished-at="2024-02-13T13:45:47 IST" duration-ms="9" status="PASS">
          <reporter-output>
          </reporter-output>
        </test-method> <!-- setUp -->
        <test-method signature="addNewPetToStore()[pri:1, instance:com.petstore.tests.Pet.PetTest@76494737]" started-at="2024-02-13T13:45:47 IST" name="addNewPetToStore" finished-at="2024-02-13T13:45:55 IST" duration-ms="8360" status="PASS">
          <reporter-output>
          </reporter-output>
        </test-method> <!-- addNewPetToStore -->
        <test-method is-config="true" signature="setUp()[pri:0, instance:com.petstore.tests.Pet.PetTest@76494737]" started-at="2024-02-13T13:45:55 IST" name="setUp" finished-at="2024-02-13T13:45:55 IST" duration-ms="0" status="PASS">
          <reporter-output>
          </reporter-output>
        </test-method> <!-- setUp -->
        <test-method signature="findPetByInvalidId()[pri:2, instance:com.petstore.tests.Pet.PetTest@76494737]" started-at="2024-02-13T13:45:55 IST" name="findPetByInvalidId" finished-at="2024-02-13T13:45:56 IST" duration-ms="1283" status="PASS">
          <reporter-output>
          </reporter-output>
        </test-method> <!-- findPetByInvalidId -->
        <test-method is-config="true" signature="setUp()[pri:0, instance:com.petstore.tests.Pet.PetTest@76494737]" started-at="2024-02-13T13:45:56 IST" name="setUp" finished-at="2024-02-13T13:45:56 IST" duration-ms="0" status="PASS">
          <reporter-output>
          </reporter-output>
        </test-method> <!-- setUp -->
        <test-method signature="updateAnExistingPet()[pri:3, instance:com.petstore.tests.Pet.PetTest@76494737]" started-at="2024-02-13T13:45:56 IST" name="updateAnExistingPet" finished-at="2024-02-13T13:45:59 IST" duration-ms="2486" status="PASS">
          <reporter-output>
          </reporter-output>
        </test-method> <!-- updateAnExistingPet -->
        <test-method is-config="true" signature="setUp()[pri:0, instance:com.petstore.tests.Pet.PetTest@76494737]" started-at="2024-02-13T13:45:59 IST" name="setUp" finished-at="2024-02-13T13:45:59 IST" duration-ms="1" status="PASS">
          <reporter-output>
          </reporter-output>
        </test-method> <!-- setUp -->
        <test-method signature="testFindPetsByStatus()[pri:4, instance:com.petstore.tests.Pet.PetTest@76494737]" started-at="2024-02-13T13:45:59 IST" name="testFindPetsByStatus" finished-at="2024-02-13T13:46:00 IST" duration-ms="1439" status="PASS">
          <reporter-output>
          </reporter-output>
        </test-method> <!-- testFindPetsByStatus -->
        <test-method signature="updatePetWithForm()[pri:5, instance:com.petstore.tests.Pet.PetTest@76494737]" started-at="2024-02-13T13:46:00 IST" name="updatePetWithForm" finished-at="2024-02-13T13:46:03 IST" duration-ms="2422" status="PASS">
          <reporter-output>
          </reporter-output>
        </test-method> <!-- updatePetWithForm -->
        <test-method is-config="true" signature="setUp()[pri:0, instance:com.petstore.tests.Pet.PetTest@76494737]" started-at="2024-02-13T13:46:00 IST" name="setUp" finished-at="2024-02-13T13:46:00 IST" duration-ms="0" status="PASS">
          <reporter-output>
          </reporter-output>
        </test-method> <!-- setUp -->
        <test-method is-config="true" signature="setUp()[pri:0, instance:com.petstore.tests.Pet.PetTest@76494737]" started-at="2024-02-13T13:46:03 IST" name="setUp" finished-at="2024-02-13T13:46:03 IST" duration-ms="1" status="PASS">
          <reporter-output>
          </reporter-output>
        </test-method> <!-- setUp -->
        <test-method signature="testUploadPetImage()[pri:6, instance:com.petstore.tests.Pet.PetTest@76494737]" started-at="2024-02-13T13:46:03 IST" name="testUploadPetImage" finished-at="2024-02-13T13:46:07 IST" duration-ms="4830" status="PASS">
          <reporter-output>
          </reporter-output>
        </test-method> <!-- testUploadPetImage -->
        <test-method signature="deletePet()[pri:7, instance:com.petstore.tests.Pet.PetTest@76494737]" started-at="2024-02-13T13:46:07 IST" name="deletePet" finished-at="2024-02-13T13:46:10 IST" duration-ms="2291" status="PASS">
          <reporter-output>
          </reporter-output>
        </test-method> <!-- deletePet -->
        <test-method is-config="true" signature="setUp()[pri:0, instance:com.petstore.tests.Pet.PetTest@76494737]" started-at="2024-02-13T13:46:07 IST" name="setUp" finished-at="2024-02-13T13:46:07 IST" duration-ms="0" status="PASS">
          <reporter-output>
          </reporter-output>
        </test-method> <!-- setUp -->
        <test-method is-config="true" signature="setUp()[pri:0, instance:com.petstore.tests.Pet.PetTest@76494737]" started-at="2024-02-13T13:46:10 IST" name="setUp" finished-at="2024-02-13T13:46:10 IST" duration-ms="1" status="PASS">
          <reporter-output>
          </reporter-output>
        </test-method> <!-- setUp -->
        <test-method signature="deletePetWithInvalidId()[pri:8, instance:com.petstore.tests.Pet.PetTest@76494737]" started-at="2024-02-13T13:46:10 IST" name="deletePetWithInvalidId" finished-at="2024-02-13T13:46:11 IST" duration-ms="1173" status="PASS">
          <reporter-output>
          </reporter-output>
        </test-method> <!-- deletePetWithInvalidId -->
      </class> <!-- com.petstore.tests.Pet.PetTest -->
    </test> <!-- PetStoreAPI -->
  </suite> <!-- Pet -->
</testng-results>
